{"/Users/jason/myWork2/computer-license-server/config/config.js": {"path":"/Users/jason/myWork2/computer-license-server/config/config.js","statementMap":{"0":{"start":{"line":1,"column":15},"end":{"line":1,"column":32}},"1":{"start":{"line":2,"column":0},"end":{"line":2,"column":16}},"2":{"start":{"line":4,"column":0},"end":{"line":27,"column":2}}},"fnMap":{},"branchMap":{},"s":{"0":1,"1":1,"2":1},"f":{},"b":{},"_coverageSchema":"1a1c01bbd47fc00a2c39e90264f33305004495a9","hash":"69b8651e5a8d74dbb6a556eb11e2627685dae274"}
,"/Users/jason/myWork2/computer-license-server/controllers/descriptions.js": {"path":"/Users/jason/myWork2/computer-license-server/controllers/descriptions.js","statementMap":{"0":{"start":{"line":1,"column":34},"end":{"line":1,"column":54}},"1":{"start":{"line":3,"column":0},"end":{"line":14,"column":2}},"2":{"start":{"line":4,"column":2},"end":{"line":13,"column":3}},"3":{"start":{"line":5,"column":25},"end":{"line":7,"column":6}},"4":{"start":{"line":8,"column":4},"end":{"line":8,"column":65}},"5":{"start":{"line":9,"column":4},"end":{"line":9,"column":27}},"6":{"start":{"line":11,"column":4},"end":{"line":11,"column":23}},"7":{"start":{"line":12,"column":4},"end":{"line":12,"column":14}},"8":{"start":{"line":16,"column":0},"end":{"line":30,"column":2}},"9":{"start":{"line":17,"column":2},"end":{"line":29,"column":3}},"10":{"start":{"line":18,"column":24},"end":{"line":23,"column":6}},"11":{"start":{"line":25,"column":4},"end":{"line":25,"column":24}},"12":{"start":{"line":27,"column":4},"end":{"line":27,"column":23}},"13":{"start":{"line":28,"column":4},"end":{"line":28,"column":14}},"14":{"start":{"line":32,"column":0},"end":{"line":43,"column":2}},"15":{"start":{"line":33,"column":2},"end":{"line":42,"column":3}},"16":{"start":{"line":34,"column":25},"end":{"line":37,"column":6}},"17":{"start":{"line":38,"column":4},"end":{"line":38,"column":39}},"18":{"start":{"line":40,"column":4},"end":{"line":40,"column":23}},"19":{"start":{"line":41,"column":4},"end":{"line":41,"column":14}},"20":{"start":{"line":45,"column":0},"end":{"line":64,"column":2}},"21":{"start":{"line":46,"column":2},"end":{"line":63,"column":3}},"22":{"start":{"line":47,"column":55},"end":{"line":47,"column":63}},"23":{"start":{"line":48,"column":25},"end":{"line":58,"column":5}},"24":{"start":{"line":59,"column":4},"end":{"line":59,"column":39}},"25":{"start":{"line":61,"column":4},"end":{"line":61,"column":23}},"26":{"start":{"line":62,"column":4},"end":{"line":62,"column":14}},"27":{"start":{"line":66,"column":0},"end":{"line":76,"column":2}},"28":{"start":{"line":67,"column":2},"end":{"line":75,"column":3}},"29":{"start":{"line":68,"column":25},"end":{"line":70,"column":6}},"30":{"start":{"line":71,"column":4},"end":{"line":71,"column":39}},"31":{"start":{"line":73,"column":4},"end":{"line":73,"column":23}},"32":{"start":{"line":74,"column":4},"end":{"line":74,"column":14}}},"fnMap":{"0":{"name":"(anonymous_0)","decl":{"start":{"line":3,"column":26},"end":{"line":3,"column":27}},"loc":{"start":{"line":3,"column":52},"end":{"line":14,"column":1}},"line":3},"1":{"name":"(anonymous_1)","decl":{"start":{"line":16,"column":26},"end":{"line":16,"column":27}},"loc":{"start":{"line":16,"column":52},"end":{"line":30,"column":1}},"line":16},"2":{"name":"(anonymous_2)","decl":{"start":{"line":32,"column":25},"end":{"line":32,"column":26}},"loc":{"start":{"line":32,"column":51},"end":{"line":43,"column":1}},"line":32},"3":{"name":"(anonymous_3)","decl":{"start":{"line":45,"column":27},"end":{"line":45,"column":28}},"loc":{"start":{"line":45,"column":53},"end":{"line":64,"column":1}},"line":45},"4":{"name":"(anonymous_4)","decl":{"start":{"line":66,"column":28},"end":{"line":66,"column":29}},"loc":{"start":{"line":66,"column":54},"end":{"line":76,"column":1}},"line":66}},"branchMap":{},"s":{"0":1,"1":1,"2":0,"3":0,"4":0,"5":0,"6":0,"7":0,"8":1,"9":1,"10":1,"11":1,"12":0,"13":0,"14":1,"15":0,"16":0,"17":0,"18":0,"19":0,"20":1,"21":0,"22":0,"23":0,"24":0,"25":0,"26":0,"27":1,"28":0,"29":0,"30":0,"31":0,"32":0},"f":{"0":0,"1":1,"2":0,"3":0,"4":0},"b":{},"_coverageSchema":"1a1c01bbd47fc00a2c39e90264f33305004495a9","hash":"82ba322f78e7c0181f4ced266026bf9b23a9dad5"}
,"/Users/jason/myWork2/computer-license-server/models/category.js": {"path":"/Users/jason/myWork2/computer-license-server/models/category.js","statementMap":{"0":{"start":{"line":1,"column":18},"end":{"line":1,"column":38}},"1":{"start":{"line":3,"column":0},"end":{"line":34,"column":2}},"2":{"start":{"line":5,"column":4},"end":{"line":25,"column":6}},"3":{"start":{"line":29,"column":4},"end":{"line":32,"column":7}}},"fnMap":{"0":{"name":"(anonymous_0)","decl":{"start":{"line":4,"column":2},"end":{"line":4,"column":3}},"loc":{"start":{"line":4,"column":25},"end":{"line":26,"column":3}},"line":4},"1":{"name":"(anonymous_1)","decl":{"start":{"line":28,"column":2},"end":{"line":28,"column":3}},"loc":{"start":{"line":28,"column":23},"end":{"line":33,"column":3}},"line":28}},"branchMap":{},"s":{"0":1,"1":1,"2":1,"3":1},"f":{"0":1,"1":1},"b":{},"_coverageSchema":"1a1c01bbd47fc00a2c39e90264f33305004495a9","hash":"57c820d823e6c663eed98f7679659ecc4d6f2c67"}
,"/Users/jason/myWork2/computer-license-server/models/description.js": {"path":"/Users/jason/myWork2/computer-license-server/models/description.js","statementMap":{"0":{"start":{"line":1,"column":18},"end":{"line":1,"column":38}},"1":{"start":{"line":3,"column":0},"end":{"line":43,"column":2}},"2":{"start":{"line":5,"column":4},"end":{"line":35,"column":6}},"3":{"start":{"line":38,"column":4},"end":{"line":41,"column":7}}},"fnMap":{"0":{"name":"(anonymous_0)","decl":{"start":{"line":4,"column":2},"end":{"line":4,"column":3}},"loc":{"start":{"line":4,"column":25},"end":{"line":36,"column":3}},"line":4},"1":{"name":"(anonymous_1)","decl":{"start":{"line":37,"column":2},"end":{"line":37,"column":3}},"loc":{"start":{"line":37,"column":23},"end":{"line":42,"column":3}},"line":37}},"branchMap":{},"s":{"0":1,"1":1,"2":1,"3":1},"f":{"0":1,"1":1},"b":{},"_coverageSchema":"1a1c01bbd47fc00a2c39e90264f33305004495a9","hash":"b07d240dfc843cc2a5dbf02ba506e8dff1cfec5b"}
,"/Users/jason/myWork2/computer-license-server/models/index.js": {"path":"/Users/jason/myWork2/computer-license-server/models/index.js","statementMap":{"0":{"start":{"line":1,"column":18},"end":{"line":1,"column":38}},"1":{"start":{"line":2,"column":20},"end":{"line":2,"column":44}},"2":{"start":{"line":3,"column":17},"end":{"line":3,"column":38}},"3":{"start":{"line":5,"column":12},"end":{"line":5,"column":49}},"4":{"start":{"line":6,"column":15},"end":{"line":6,"column":47}},"5":{"start":{"line":7,"column":11},"end":{"line":7,"column":13}},"6":{"start":{"line":9,"column":18},"end":{"line":14,"column":1}},"7":{"start":{"line":15,"column":0},"end":{"line":15,"column":25}},"8":{"start":{"line":17,"column":0},"end":{"line":17,"column":29}},"9":{"start":{"line":18,"column":0},"end":{"line":18,"column":23}},"10":{"start":{"line":20,"column":0},"end":{"line":20,"column":28}},"11":{"start":{"line":21,"column":0},"end":{"line":21,"column":25}},"12":{"start":{"line":23,"column":0},"end":{"line":23,"column":26}},"13":{"start":{"line":24,"column":0},"end":{"line":24,"column":23}},"14":{"start":{"line":26,"column":0},"end":{"line":26,"column":20}}},"fnMap":{},"branchMap":{"0":{"loc":{"start":{"line":5,"column":12},"end":{"line":5,"column":49}},"type":"binary-expr","locations":[{"start":{"line":5,"column":12},"end":{"line":5,"column":32}},{"start":{"line":5,"column":36},"end":{"line":5,"column":49}}],"line":5}},"s":{"0":1,"1":1,"2":1,"3":1,"4":1,"5":1,"6":1,"7":1,"8":1,"9":1,"10":1,"11":1,"12":1,"13":1,"14":1},"f":{},"b":{"0":[1,0]},"_coverageSchema":"1a1c01bbd47fc00a2c39e90264f33305004495a9","hash":"0b1b30fa81eeab39aee8a4518d4f083539846664"}
}
